2025-08-10 11:48:07,037 [INFO] NovaFramework - APIClient initialized: https://reqres.in/api
2025-08-10 11:48:07,037 [INFO] NovaFramework - GET https://reqres.in/api/users/2
2025-08-10 11:48:07,097 [INFO] NovaFramework - Response 200
2025-08-10 11:49:16,891 [INFO] NovaFramework - APIClient initialized: https://reqres.in/api
2025-08-10 11:49:16,892 [INFO] NovaFramework - GET https://reqres.in/api/users/2
2025-08-10 11:49:16,971 [INFO] NovaFramework - Response 200
2025-08-10 11:50:31,238 [INFO] WDM - ====== WebDriver manager ======
2025-08-10 11:50:31,303 [INFO] WDM - Get LATEST chromedriver version for google-chrome
2025-08-10 11:50:31,303 [INFO] WDM - Get LATEST chromedriver version for google-chrome
2025-08-10 11:50:31,303 [INFO] WDM - There is no [mac64] chromedriver "138.0.7204.184" for browser google-chrome "138.0.7204.184" in cache
2025-08-10 11:50:31,305 [INFO] WDM - Get LATEST chromedriver version for google-chrome
2025-08-10 11:50:31,452 [INFO] WDM - WebDriver version 138.0.7204.183 selected
2025-08-10 11:50:31,453 [INFO] WDM - Modern chrome version https://storage.googleapis.com/chrome-for-testing-public/138.0.7204.183/mac-arm64/chromedriver-mac-arm64.zip
2025-08-10 11:50:31,453 [INFO] WDM - About to download new driver from https://storage.googleapis.com/chrome-for-testing-public/138.0.7204.183/mac-arm64/chromedriver-mac-arm64.zip
2025-08-10 11:50:31,498 [INFO] WDM - Driver downloading response is 200
2025-08-10 11:50:31,784 [INFO] WDM - Get LATEST chromedriver version for google-chrome
2025-08-10 11:50:31,843 [INFO] WDM - Driver has been saved in cache [/Users/dexter/.wdm/drivers/chromedriver/mac64/138.0.7204.184]
2025-08-10 11:51:05,313 [INFO] WDM - ====== WebDriver manager ======
2025-08-10 11:51:05,476 [INFO] WDM - Get LATEST chromedriver version for google-chrome
2025-08-10 11:51:05,477 [INFO] WDM - Get LATEST chromedriver version for google-chrome
2025-08-10 11:51:05,477 [INFO] WDM - There is no [mac64] chromedriver "138.0.7204.184" for browser google-chrome "138.0.7204.184" in cache
2025-08-10 11:51:05,479 [INFO] WDM - Get LATEST chromedriver version for google-chrome
2025-08-10 11:51:05,609 [INFO] WDM - WebDriver version 138.0.7204.183 selected
2025-08-10 11:51:05,611 [INFO] WDM - Modern chrome version https://storage.googleapis.com/chrome-for-testing-public/138.0.7204.183/mac-arm64/chromedriver-mac-arm64.zip
2025-08-10 11:51:05,611 [INFO] WDM - About to download new driver from https://storage.googleapis.com/chrome-for-testing-public/138.0.7204.183/mac-arm64/chromedriver-mac-arm64.zip
2025-08-10 11:51:05,646 [INFO] WDM - Driver downloading response is 200
2025-08-10 11:51:05,961 [INFO] WDM - Get LATEST chromedriver version for google-chrome
2025-08-10 11:51:06,020 [INFO] WDM - Driver has been saved in cache [/Users/dexter/.wdm/drivers/chromedriver/mac64/138.0.7204.184]
2025-08-10 11:51:10,507 [INFO] WDM - ====== WebDriver manager ======
2025-08-10 11:51:10,626 [INFO] WDM - Get LATEST chromedriver version for google-chrome
2025-08-10 11:51:10,626 [INFO] WDM - Get LATEST chromedriver version for google-chrome
2025-08-10 11:51:10,626 [INFO] WDM - There is no [mac64] chromedriver "138.0.7204.184" for browser google-chrome "138.0.7204.184" in cache
2025-08-10 11:51:10,626 [INFO] WDM - Get LATEST chromedriver version for google-chrome
2025-08-10 11:51:10,759 [INFO] WDM - WebDriver version 138.0.7204.183 selected
2025-08-10 11:51:10,760 [INFO] WDM - Modern chrome version https://storage.googleapis.com/chrome-for-testing-public/138.0.7204.183/mac-arm64/chromedriver-mac-arm64.zip
2025-08-10 11:51:10,761 [INFO] WDM - About to download new driver from https://storage.googleapis.com/chrome-for-testing-public/138.0.7204.183/mac-arm64/chromedriver-mac-arm64.zip
2025-08-10 11:51:10,795 [INFO] WDM - Driver downloading response is 200
2025-08-10 11:51:11,073 [INFO] WDM - Get LATEST chromedriver version for google-chrome
2025-08-10 11:51:11,137 [INFO] WDM - Driver has been saved in cache [/Users/dexter/.wdm/drivers/chromedriver/mac64/138.0.7204.184]
2025-08-10 11:53:57,299 [INFO] WDM - ====== WebDriver manager ======
2025-08-10 11:53:57,470 [INFO] WDM - Get LATEST chromedriver version for google-chrome
2025-08-10 11:53:57,471 [INFO] WDM - Get LATEST chromedriver version for google-chrome
2025-08-10 11:53:57,471 [INFO] WDM - There is no [mac64] chromedriver "138.0.7204.184" for browser google-chrome "138.0.7204.184" in cache
2025-08-10 11:53:57,473 [INFO] WDM - Get LATEST chromedriver version for google-chrome
2025-08-10 11:53:57,623 [INFO] WDM - WebDriver version 138.0.7204.183 selected
2025-08-10 11:53:57,624 [INFO] WDM - Modern chrome version https://storage.googleapis.com/chrome-for-testing-public/138.0.7204.183/mac-arm64/chromedriver-mac-arm64.zip
2025-08-10 11:53:57,624 [INFO] WDM - About to download new driver from https://storage.googleapis.com/chrome-for-testing-public/138.0.7204.183/mac-arm64/chromedriver-mac-arm64.zip
2025-08-10 11:53:57,656 [INFO] WDM - Driver downloading response is 200
2025-08-10 11:53:57,926 [INFO] WDM - Get LATEST chromedriver version for google-chrome
2025-08-10 11:53:57,984 [INFO] WDM - Driver has been saved in cache [/Users/dexter/.wdm/drivers/chromedriver/mac64/138.0.7204.184]
2025-08-10 11:54:03,477 [WARNING] urllib3.connectionpool - Retrying (Retry(total=2, connect=None, read=None, redirect=None, status=None)) after connection broken by 'NewConnectionError('<urllib3.connection.HTTPConnection object at 0x107a16c10>: Failed to establish a new connection: [Errno 61] Connection refused')': /session/21e670d68dce887aa81790056ccfffb2
2025-08-10 11:54:03,478 [WARNING] urllib3.connectionpool - Retrying (Retry(total=1, connect=None, read=None, redirect=None, status=None)) after connection broken by 'NewConnectionError('<urllib3.connection.HTTPConnection object at 0x107a16990>: Failed to establish a new connection: [Errno 61] Connection refused')': /session/21e670d68dce887aa81790056ccfffb2
2025-08-10 11:54:03,478 [WARNING] urllib3.connectionpool - Retrying (Retry(total=0, connect=None, read=None, redirect=None, status=None)) after connection broken by 'NewConnectionError('<urllib3.connection.HTTPConnection object at 0x107b00770>: Failed to establish a new connection: [Errno 61] Connection refused')': /session/21e670d68dce887aa81790056ccfffb2
2025-08-10 11:54:03,480 [INFO] WDM - ====== WebDriver manager ======
2025-08-10 11:54:03,624 [INFO] WDM - Get LATEST chromedriver version for google-chrome
2025-08-10 11:54:03,624 [INFO] WDM - Get LATEST chromedriver version for google-chrome
2025-08-10 11:54:03,624 [INFO] WDM - There is no [mac64] chromedriver "138.0.7204.184" for browser google-chrome "138.0.7204.184" in cache
2025-08-10 11:54:03,624 [INFO] WDM - Get LATEST chromedriver version for google-chrome
2025-08-10 11:54:04,868 [INFO] WDM - WebDriver version 138.0.7204.183 selected
2025-08-10 11:54:04,871 [INFO] WDM - Modern chrome version https://storage.googleapis.com/chrome-for-testing-public/138.0.7204.183/mac-arm64/chromedriver-mac-arm64.zip
2025-08-10 11:54:04,871 [INFO] WDM - About to download new driver from https://storage.googleapis.com/chrome-for-testing-public/138.0.7204.183/mac-arm64/chromedriver-mac-arm64.zip
2025-08-10 11:54:04,907 [INFO] WDM - Driver downloading response is 200
2025-08-10 11:54:05,180 [INFO] WDM - Get LATEST chromedriver version for google-chrome
2025-08-10 11:54:05,246 [INFO] WDM - Driver has been saved in cache [/Users/dexter/.wdm/drivers/chromedriver/mac64/138.0.7204.184]
2025-08-10 11:55:07,293 [INFO] WDM - xdist worker is: gw1
2025-08-10 11:55:07,294 [INFO] WDM - ====== WebDriver manager ======
2025-08-10 11:55:07,295 [INFO] WDM - xdist worker is: gw2
2025-08-10 11:55:07,295 [INFO] WDM - ====== WebDriver manager ======
2025-08-10 11:55:07,295 [INFO] NovaFramework - APIClient initialized: https://reqres.in/api
2025-08-10 11:55:07,295 [INFO] NovaFramework - GET https://reqres.in/api/users/2
2025-08-10 11:55:07,469 [INFO] WDM - Get LATEST chromedriver version for google-chrome
2025-08-10 11:55:07,470 [INFO] WDM - Get LATEST chromedriver version for google-chrome
2025-08-10 11:55:07,470 [INFO] WDM - There is no [mac64] chromedriver "138.0.7204.184" for browser google-chrome "138.0.7204.184" in cache
2025-08-10 11:55:07,470 [INFO] WDM - Get LATEST chromedriver version for google-chrome
2025-08-10 11:55:07,480 [INFO] WDM - Get LATEST chromedriver version for google-chrome
2025-08-10 11:55:07,482 [INFO] WDM - Get LATEST chromedriver version for google-chrome
2025-08-10 11:55:07,482 [INFO] WDM - There is no [mac64] chromedriver "138.0.7204.184" for browser google-chrome "138.0.7204.184" in cache
2025-08-10 11:55:07,482 [INFO] WDM - Get LATEST chromedriver version for google-chrome
2025-08-10 11:55:07,610 [INFO] WDM - WebDriver version 138.0.7204.183 selected
2025-08-10 11:55:07,611 [INFO] WDM - WebDriver version 138.0.7204.183 selected
2025-08-10 11:55:07,612 [INFO] WDM - Modern chrome version https://storage.googleapis.com/chrome-for-testing-public/138.0.7204.183/mac-arm64/chromedriver-mac-arm64.zip
2025-08-10 11:55:07,612 [INFO] WDM - About to download new driver from https://storage.googleapis.com/chrome-for-testing-public/138.0.7204.183/mac-arm64/chromedriver-mac-arm64.zip
2025-08-10 11:55:07,613 [INFO] WDM - Modern chrome version https://storage.googleapis.com/chrome-for-testing-public/138.0.7204.183/mac-arm64/chromedriver-mac-arm64.zip
2025-08-10 11:55:07,613 [INFO] WDM - About to download new driver from https://storage.googleapis.com/chrome-for-testing-public/138.0.7204.183/mac-arm64/chromedriver-mac-arm64.zip
2025-08-10 11:55:07,633 [INFO] NovaFramework - Response 200
2025-08-10 11:55:07,642 [INFO] WDM - Driver downloading response is 200
2025-08-10 11:55:07,648 [INFO] WDM - Driver downloading response is 200
2025-08-10 11:55:08,239 [INFO] WDM - Get LATEST chromedriver version for google-chrome
2025-08-10 11:55:08,293 [INFO] WDM - Get LATEST chromedriver version for google-chrome
2025-08-10 11:55:08,297 [INFO] WDM - Driver has been saved in cache [/Users/dexter/.wdm/gw2/drivers/chromedriver/mac64/138.0.7204.184]
2025-08-10 11:55:08,327 [INFO] WDM - Driver has been saved in cache [/Users/dexter/.wdm/gw1/drivers/chromedriver/mac64/138.0.7204.184]
2025-08-10 11:55:13,709 [WARNING] urllib3.connectionpool - Retrying (Retry(total=2, connect=None, read=None, redirect=None, status=None)) after connection broken by 'NewConnectionError('<urllib3.connection.HTTPConnection object at 0x10b78b750>: Failed to establish a new connection: [Errno 61] Connection refused')': /session/aeb09e3107536fde029430351e037e53
2025-08-10 11:55:13,709 [WARNING] urllib3.connectionpool - Retrying (Retry(total=1, connect=None, read=None, redirect=None, status=None)) after connection broken by 'NewConnectionError('<urllib3.connection.HTTPConnection object at 0x10b78a0d0>: Failed to establish a new connection: [Errno 61] Connection refused')': /session/aeb09e3107536fde029430351e037e53
2025-08-10 11:55:13,709 [WARNING] urllib3.connectionpool - Retrying (Retry(total=0, connect=None, read=None, redirect=None, status=None)) after connection broken by 'NewConnectionError('<urllib3.connection.HTTPConnection object at 0x10b7d0fc0>: Failed to establish a new connection: [Errno 61] Connection refused')': /session/aeb09e3107536fde029430351e037e53
2025-08-10 11:55:22,849 [INFO] WDM - xdist worker is: gw1
2025-08-10 11:55:22,849 [INFO] WDM - ====== WebDriver manager ======
2025-08-10 11:55:22,855 [INFO] WDM - xdist worker is: gw2
2025-08-10 11:55:22,855 [INFO] WDM - ====== WebDriver manager ======
2025-08-10 11:55:22,861 [INFO] NovaFramework - APIClient initialized: https://reqres.in/api
2025-08-10 11:55:22,861 [INFO] NovaFramework - GET https://reqres.in/api/users/2
2025-08-10 11:55:22,921 [INFO] NovaFramework - Response 200
2025-08-10 11:55:23,003 [INFO] WDM - Get LATEST chromedriver version for google-chrome
2025-08-10 11:55:23,003 [INFO] WDM - Get LATEST chromedriver version for google-chrome
2025-08-10 11:55:23,003 [INFO] WDM - There is no [mac64] chromedriver "138.0.7204.184" for browser google-chrome "138.0.7204.184" in cache
2025-08-10 11:55:23,003 [INFO] WDM - Get LATEST chromedriver version for google-chrome
2025-08-10 11:55:23,014 [INFO] WDM - Get LATEST chromedriver version for google-chrome
2025-08-10 11:55:23,014 [INFO] WDM - Get LATEST chromedriver version for google-chrome
2025-08-10 11:55:23,014 [INFO] WDM - There is no [mac64] chromedriver "138.0.7204.184" for browser google-chrome "138.0.7204.184" in cache
2025-08-10 11:55:23,014 [INFO] WDM - Get LATEST chromedriver version for google-chrome
2025-08-10 11:55:23,131 [INFO] WDM - WebDriver version 138.0.7204.183 selected
2025-08-10 11:55:23,132 [INFO] WDM - Modern chrome version https://storage.googleapis.com/chrome-for-testing-public/138.0.7204.183/mac-arm64/chromedriver-mac-arm64.zip
2025-08-10 11:55:23,132 [INFO] WDM - About to download new driver from https://storage.googleapis.com/chrome-for-testing-public/138.0.7204.183/mac-arm64/chromedriver-mac-arm64.zip
2025-08-10 11:55:23,150 [INFO] WDM - WebDriver version 138.0.7204.183 selected
2025-08-10 11:55:23,151 [INFO] WDM - Modern chrome version https://storage.googleapis.com/chrome-for-testing-public/138.0.7204.183/mac-arm64/chromedriver-mac-arm64.zip
2025-08-10 11:55:23,151 [INFO] WDM - About to download new driver from https://storage.googleapis.com/chrome-for-testing-public/138.0.7204.183/mac-arm64/chromedriver-mac-arm64.zip
2025-08-10 11:55:23,165 [INFO] WDM - Driver downloading response is 200
2025-08-10 11:55:23,185 [INFO] WDM - Driver downloading response is 200
2025-08-10 11:55:23,613 [INFO] WDM - Get LATEST chromedriver version for google-chrome
2025-08-10 11:55:23,659 [INFO] WDM - Driver has been saved in cache [/Users/dexter/.wdm/gw1/drivers/chromedriver/mac64/138.0.7204.184]
2025-08-10 11:55:23,864 [INFO] WDM - Get LATEST chromedriver version for google-chrome
2025-08-10 11:55:23,910 [INFO] WDM - Driver has been saved in cache [/Users/dexter/.wdm/gw2/drivers/chromedriver/mac64/138.0.7204.184]
2025-08-10 11:55:28,974 [WARNING] urllib3.connectionpool - Retrying (Retry(total=2, connect=None, read=None, redirect=None, status=None)) after connection broken by 'NewConnectionError('<urllib3.connection.HTTPConnection object at 0x10c6a7750>: Failed to establish a new connection: [Errno 61] Connection refused')': /session/e84e1b453d5bf7fc9af6065cd390f8aa
2025-08-10 11:55:28,974 [WARNING] urllib3.connectionpool - Retrying (Retry(total=1, connect=None, read=None, redirect=None, status=None)) after connection broken by 'NewConnectionError('<urllib3.connection.HTTPConnection object at 0x10c6a60d0>: Failed to establish a new connection: [Errno 61] Connection refused')': /session/e84e1b453d5bf7fc9af6065cd390f8aa
2025-08-10 11:55:28,975 [WARNING] urllib3.connectionpool - Retrying (Retry(total=0, connect=None, read=None, redirect=None, status=None)) after connection broken by 'NewConnectionError('<urllib3.connection.HTTPConnection object at 0x10c6f8fc0>: Failed to establish a new connection: [Errno 61] Connection refused')': /session/e84e1b453d5bf7fc9af6065cd390f8aa
